# JRE version: OpenJDK Runtime Environment (11.0.10) (build 11.0.10+0-b96-7249189)
# Java VM: OpenJDK 64-Bit Server VM (11.0.10+0-b96-7249189, mixed mode, tiered, compressed oops, g1 gc, windows-amd64)
Heap:
 garbage-first heap   total 192512K, used 105684K [0x0000000080000000, 0x0000000100000000)
  region size 1024K, 30 young (30720K), 2 survivors (2048K)
 Metaspace       used 89053K, capacity 91144K, committed 91340K, reserved 1128448K
  class space    used 11346K, capacity 12125K, committed 12236K, reserved 1048576K
GC Heap History (20 events):
Event: 44.851 GC heap before
{Heap before GC invocations=32 (full 0):
 garbage-first heap   total 133120K, used 99037K [0x0000000080000000, 0x0000000100000000)
  region size 1024K, 42 young (43008K), 4 survivors (4096K)
 Metaspace       used 78875K, capacity 80700K, committed 80972K, reserved 1120256K
  class space    used 10127K, capacity 10778K, committed 10828K, reserved 1048576K
}
Event: 44.884 GC heap after
{Heap after GC invocations=33 (full 0):
 garbage-first heap   total 133120K, used 64391K [0x0000000080000000, 0x0000000100000000)
  region size 1024K, 6 young (6144K), 6 survivors (6144K)
 Metaspace       used 78875K, capacity 80700K, committed 80972K, reserved 1120256K
  class space    used 10127K, capacity 10778K, committed 10828K, reserved 1048576K
}
Event: 47.933 GC heap before
{Heap before GC invocations=33 (full 0):
 garbage-first heap   total 133120K, used 102279K [0x0000000080000000, 0x0000000100000000)
  region size 1024K, 43 young (44032K), 6 survivors (6144K)
 Metaspace       used 81302K, capacity 83255K, committed 83532K, reserved 1122304K
  class space    used 10509K, capacity 11227K, committed 11340K, reserved 1048576K
}
Event: 47.963 GC heap after
{Heap after GC invocations=34 (full 0):
 garbage-first heap   total 133120K, used 67584K [0x0000000080000000, 0x0000000100000000)
  region size 1024K, 3 young (3072K), 3 survivors (3072K)
 Metaspace       used 81302K, capacity 83255K, committed 83532K, reserved 1122304K
  class space    used 10509K, capacity 11227K, committed 11340K, reserved 1048576K
}
Event: 50.305 GC heap before
{Heap before GC invocations=34 (full 0):
 garbage-first heap   total 133120K, used 98304K [0x0000000080000000, 0x0000000100000000)
  region size 1024K, 35 young (35840K), 3 survivors (3072K)
 Metaspace       used 82038K, capacity 84072K, committed 84428K, reserved 1122304K
  class space    used 10595K, capacity 11360K, committed 11468K, reserved 1048576K
}
Event: 50.329 GC heap after
{Heap after GC invocations=35 (full 0):
 garbage-first heap   total 133120K, used 69911K [0x0000000080000000, 0x0000000100000000)
  region size 1024K, 3 young (3072K), 3 survivors (3072K)
 Metaspace       used 82038K, capacity 84072K, committed 84428K, reserved 1122304K
  class space    used 10595K, capacity 11360K, committed 11468K, reserved 1048576K
}
Event: 52.336 GC heap before
{Heap before GC invocations=36 (full 0):
 garbage-first heap   total 133120K, used 108823K [0x0000000080000000, 0x0000000100000000)
  region size 1024K, 39 young (39936K), 3 survivors (3072K)
 Metaspace       used 83105K, capacity 85218K, committed 85580K, reserved 1124352K
  class space    used 10703K, capacity 11465K, committed 11596K, reserved 1048576K
}
Event: 52.402 GC heap after
{Heap after GC invocations=37 (full 0):
 garbage-first heap   total 159744K, used 85606K [0x0000000080000000, 0x0000000100000000)
  region size 1024K, 5 young (5120K), 5 survivors (5120K)
 Metaspace       used 83105K, capacity 85218K, committed 85580K, reserved 1124352K
  class space    used 10703K, capacity 11465K, committed 11596K, reserved 1048576K
}
Event: 52.459 GC heap before
{Heap before GC invocations=37 (full 0):
 garbage-first heap   total 159744K, used 85606K [0x0000000080000000, 0x0000000100000000)
  region size 1024K, 7 young (7168K), 5 survivors (5120K)
 Metaspace       used 83119K, capacity 85218K, committed 85580K, reserved 1124352K
  class space    used 10703K, capacity 11465K, committed 11596K, reserved 1048576K
}
Event: 52.491 GC heap after
{Heap after GC invocations=38 (full 0):
 garbage-first heap   total 159744K, used 87770K [0x0000000080000000, 0x0000000100000000)
  region size 1024K, 2 young (2048K), 2 survivors (2048K)
 Metaspace       used 83119K, capacity 85218K, committed 85580K, reserved 1124352K
  class space    used 10703K, capacity 11465K, committed 11596K, reserved 1048576K
}
Event: 54.535 GC heap before
{Heap before GC invocations=39 (full 0):
 garbage-first heap   total 159744K, used 125658K [0x0000000080000000, 0x0000000100000000)
  region size 1024K, 25 young (25600K), 2 survivors (2048K)
 Metaspace       used 84883K, capacity 86851K, committed 87244K, reserved 1124352K
  class space    used 10866K, capacity 11611K, committed 11724K, reserved 1048576K
}
Event: 54.549 GC heap after
{Heap after GC invocations=40 (full 0):
 garbage-first heap   total 159744K, used 87916K [0x0000000080000000, 0x0000000100000000)
  region size 1024K, 2 young (2048K), 2 survivors (2048K)
 Metaspace       used 84883K, capacity 86851K, committed 87244K, reserved 1124352K
  class space    used 10866K, capacity 11611K, committed 11724K, reserved 1048576K
}
Event: 55.840 GC heap before
{Heap before GC invocations=40 (full 0):
 garbage-first heap   total 159744K, used 113516K [0x0000000080000000, 0x0000000100000000)
  region size 1024K, 28 young (28672K), 2 survivors (2048K)
 Metaspace       used 85278K, capacity 87210K, committed 87500K, reserved 1124352K
  class space    used 10888K, capacity 11623K, committed 11724K, reserved 1048576K
}
Event: 55.858 GC heap after
{Heap after GC invocations=41 (full 0):
 garbage-first heap   total 159744K, used 89660K [0x0000000080000000, 0x0000000100000000)
  region size 1024K, 4 young (4096K), 4 survivors (4096K)
 Metaspace       used 85278K, capacity 87210K, committed 87500K, reserved 1124352K
  class space    used 10888K, capacity 11623K, committed 11724K, reserved 1048576K
}
Event: 57.082 GC heap before
{Heap before GC invocations=42 (full 0):
 garbage-first heap   total 159744K, used 116284K [0x0000000080000000, 0x0000000100000000)
  region size 1024K, 31 young (31744K), 4 survivors (4096K)
 Metaspace       used 86301K, capacity 88406K, committed 88652K, reserved 1126400K
  class space    used 11028K, capacity 11799K, committed 11852K, reserved 1048576K
}
Event: 57.107 GC heap after
{Heap after GC invocations=43 (full 0):
 garbage-first heap   total 159744K, used 91099K [0x0000000080000000, 0x0000000100000000)
  region size 1024K, 4 young (4096K), 4 survivors (4096K)
 Metaspace       used 86301K, capacity 88406K, committed 88652K, reserved 1126400K
  class space    used 11028K, capacity 11799K, committed 11852K, reserved 1048576K
}
Event: 57.229 GC heap before
{Heap before GC invocations=43 (full 0):
 garbage-first heap   total 159744K, used 93147K [0x0000000080000000, 0x0000000100000000)
  region size 1024K, 7 young (7168K), 4 survivors (4096K)
 Metaspace       used 86448K, capacity 88577K, committed 88652K, reserved 1126400K
  class space    used 11045K, capacity 11831K, committed 11852K, reserved 1048576K
}
Event: 57.255 GC heap after
{Heap after GC invocations=44 (full 0):
 garbage-first heap   total 159744K, used 88593K [0x0000000080000000, 0x0000000100000000)
  region size 1024K, 1 young (1024K), 1 survivors (1024K)
 Metaspace       used 86448K, capacity 88577K, committed 88652K, reserved 1126400K
  class space    used 11045K, capacity 11831K, committed 11852K, reserved 1048576K
}
Event: 58.572 GC heap before
{Heap before GC invocations=44 (full 0):
 garbage-first heap   total 159744K, used 119313K [0x0000000080000000, 0x0000000100000000)
  region size 1024K, 32 young (32768K), 1 survivors (1024K)
 Metaspace       used 87649K, capacity 89746K, committed 89804K, reserved 1126400K
  class space    used 11192K, capacity 11961K, committed 11980K, reserved 1048576K
}
Event: 58.590 GC heap after
{Heap after GC invocations=45 (full 0):
 garbage-first heap   total 192512K, used 89300K [0x0000000080000000, 0x0000000100000000)
  region size 1024K, 2 young (2048K), 2 survivors (2048K)
 Metaspace       used 87649K, capacity 89746K, committed 89804K, reserved 1126400K
  class space    used 11192K, capacity 11961K, committed 11980K, reserved 1048576K
}

