# JRE version: OpenJDK Runtime Environment (11.0.10) (build 11.0.10+0-b96-7249189)
# Java VM: OpenJDK 64-Bit Server VM (11.0.10+0-b96-7249189, mixed mode, tiered, compressed oops, g1 gc, windows-amd64)
Heap:
 garbage-first heap   total 159744K, used 100348K [0x0000000080000000, 0x0000000100000000)
  region size 1024K, 21 young (21504K), 5 survivors (5120K)
 Metaspace       used 113724K, capacity 117106K, committed 117324K, reserved 1150976K
  class space    used 14809K, capacity 16111K, committed 16204K, reserved 1048576K
GC Heap History (20 events):
Event: 41.260 GC heap before
{Heap before GC invocations=35 (full 0):
 garbage-first heap   total 133120K, used 100095K [0x0000000080000000, 0x0000000100000000)
  region size 1024K, 44 young (45056K), 6 survivors (6144K)
 Metaspace       used 81352K, capacity 83344K, committed 83532K, reserved 1122304K
  class space    used 10506K, capacity 11231K, committed 11340K, reserved 1048576K
}
Event: 41.290 GC heap after
{Heap after GC invocations=36 (full 0):
 garbage-first heap   total 133120K, used 65469K [0x0000000080000000, 0x0000000100000000)
  region size 1024K, 3 young (3072K), 3 survivors (3072K)
 Metaspace       used 81352K, capacity 83344K, committed 83532K, reserved 1122304K
  class space    used 10506K, capacity 11231K, committed 11340K, reserved 1048576K
}
Event: 43.907 GC heap before
{Heap before GC invocations=36 (full 0):
 garbage-first heap   total 133120K, used 103357K [0x0000000080000000, 0x0000000100000000)
  region size 1024K, 41 young (41984K), 3 survivors (3072K)
 Metaspace       used 81863K, capacity 83908K, committed 84044K, reserved 1122304K
  class space    used 10550K, capacity 11322K, committed 11340K, reserved 1048576K
}
Event: 43.930 GC heap after
{Heap after GC invocations=37 (full 0):
 garbage-first heap   total 133120K, used 68012K [0x0000000080000000, 0x0000000100000000)
  region size 1024K, 6 young (6144K), 6 survivors (6144K)
 Metaspace       used 81863K, capacity 83908K, committed 84044K, reserved 1122304K
  class space    used 10550K, capacity 11322K, committed 11340K, reserved 1048576K
}
Event: 45.899 GC heap before
{Heap before GC invocations=38 (full 0):
 garbage-first heap   total 133120K, used 104876K [0x0000000080000000, 0x0000000100000000)
  region size 1024K, 43 young (44032K), 6 survivors (6144K)
 Metaspace       used 83107K, capacity 85283K, committed 85580K, reserved 1124352K
  class space    used 10708K, capacity 11505K, committed 11596K, reserved 1048576K
}
Event: 45.933 GC heap after
{Heap after GC invocations=39 (full 0):
 garbage-first heap   total 159744K, used 70593K [0x0000000080000000, 0x0000000100000000)
  region size 1024K, 6 young (6144K), 6 survivors (6144K)
 Metaspace       used 83107K, capacity 85283K, committed 85580K, reserved 1124352K
  class space    used 10708K, capacity 11505K, committed 11596K, reserved 1048576K
}
Event: 48.885 GC heap before
{Heap before GC invocations=39 (full 0):
 garbage-first heap   total 159744K, used 116673K [0x0000000080000000, 0x0000000100000000)
  region size 1024K, 50 young (51200K), 6 survivors (6144K)
 Metaspace       used 89452K, capacity 91685K, committed 91852K, reserved 1128448K
  class space    used 11514K, capacity 12361K, committed 12492K, reserved 1048576K
}
Event: 48.916 GC heap after
{Heap after GC invocations=40 (full 0):
 garbage-first heap   total 159744K, used 78358K [0x0000000080000000, 0x0000000100000000)
  region size 1024K, 7 young (7168K), 7 survivors (7168K)
 Metaspace       used 89452K, capacity 91685K, committed 91852K, reserved 1128448K
  class space    used 11514K, capacity 12361K, committed 12492K, reserved 1048576K
}
Event: 53.018 GC heap before
{Heap before GC invocations=40 (full 0):
 garbage-first heap   total 159744K, used 122390K [0x0000000080000000, 0x0000000100000000)
  region size 1024K, 50 young (51200K), 7 survivors (7168K)
 Metaspace       used 91993K, capacity 94338K, committed 94668K, reserved 1130496K
  class space    used 11789K, capacity 12662K, committed 12748K, reserved 1048576K
}
Event: 53.040 GC heap after
{Heap after GC invocations=41 (full 0):
 garbage-first heap   total 159744K, used 78408K [0x0000000080000000, 0x0000000100000000)
  region size 1024K, 2 young (2048K), 2 survivors (2048K)
 Metaspace       used 91993K, capacity 94338K, committed 94668K, reserved 1130496K
  class space    used 11789K, capacity 12662K, committed 12748K, reserved 1048576K
}
Event: 55.377 GC heap before
{Heap before GC invocations=41 (full 0):
 garbage-first heap   total 159744K, used 123464K [0x0000000080000000, 0x0000000100000000)
  region size 1024K, 47 young (48128K), 2 survivors (2048K)
 Metaspace       used 92883K, capacity 95345K, committed 95564K, reserved 1132544K
  class space    used 11895K, capacity 12781K, committed 12876K, reserved 1048576K
}
Event: 55.396 GC heap after
{Heap after GC invocations=42 (full 0):
 garbage-first heap   total 159744K, used 80395K [0x0000000080000000, 0x0000000100000000)
  region size 1024K, 3 young (3072K), 3 survivors (3072K)
 Metaspace       used 92883K, capacity 95345K, committed 95564K, reserved 1132544K
  class space    used 11895K, capacity 12781K, committed 12876K, reserved 1048576K
}
Event: 58.844 GC heap before
{Heap before GC invocations=43 (full 0):
 garbage-first heap   total 159744K, used 128523K [0x0000000080000000, 0x0000000100000000)
  region size 1024K, 51 young (52224K), 3 survivors (3072K)
 Metaspace       used 103268K, capacity 106462K, committed 106572K, reserved 1140736K
  class space    used 13597K, capacity 14855K, committed 14924K, reserved 1048576K
}
Event: 58.873 GC heap after
{Heap after GC invocations=44 (full 0):
 garbage-first heap   total 159744K, used 82222K [0x0000000080000000, 0x0000000100000000)
  region size 1024K, 5 young (5120K), 5 survivors (5120K)
 Metaspace       used 103268K, capacity 106462K, committed 106572K, reserved 1140736K
  class space    used 13597K, capacity 14855K, committed 14924K, reserved 1048576K
}
Event: 61.081 GC heap before
{Heap before GC invocations=44 (full 0):
 garbage-first heap   total 159744K, used 130350K [0x0000000080000000, 0x0000000100000000)
  region size 1024K, 52 young (53248K), 5 survivors (5120K)
 Metaspace       used 106955K, capacity 110192K, committed 110540K, reserved 1144832K
  class space    used 14205K, capacity 15451K, committed 15564K, reserved 1048576K
}
Event: 61.106 GC heap after
{Heap after GC invocations=45 (full 0):
 garbage-first heap   total 159744K, used 83634K [0x0000000080000000, 0x0000000100000000)
  region size 1024K, 4 young (4096K), 4 survivors (4096K)
 Metaspace       used 106955K, capacity 110192K, committed 110540K, reserved 1144832K
  class space    used 14205K, capacity 15451K, committed 15564K, reserved 1048576K
}
Event: 63.133 GC heap before
{Heap before GC invocations=46 (full 0):
 garbage-first heap   total 159744K, used 121522K [0x0000000080000000, 0x0000000100000000)
  region size 1024K, 44 young (45056K), 4 survivors (4096K)
 Metaspace       used 109562K, capacity 112856K, committed 113100K, reserved 1146880K
  class space    used 14517K, capacity 15798K, committed 15820K, reserved 1048576K
}
Event: 63.159 GC heap after
{Heap after GC invocations=47 (full 0):
 garbage-first heap   total 159744K, used 84028K [0x0000000080000000, 0x0000000100000000)
  region size 1024K, 6 young (6144K), 6 survivors (6144K)
 Metaspace       used 109562K, capacity 112856K, committed 113100K, reserved 1146880K
  class space    used 14517K, capacity 15798K, committed 15820K, reserved 1048576K
}
Event: 583.360 GC heap before
{Heap before GC invocations=48 (full 0):
 garbage-first heap   total 159744K, used 138300K [0x0000000080000000, 0x0000000100000000)
  region size 1024K, 52 young (53248K), 6 survivors (6144K)
 Metaspace       used 113283K, capacity 116648K, committed 116812K, reserved 1150976K
  class space    used 14802K, capacity 16101K, committed 16204K, reserved 1048576K
}
Event: 583.574 GC heap after
{Heap after GC invocations=49 (full 0):
 garbage-first heap   total 159744K, used 86012K [0x0000000080000000, 0x0000000100000000)
  region size 1024K, 5 young (5120K), 5 survivors (5120K)
 Metaspace       used 113283K, capacity 116648K, committed 116812K, reserved 1150976K
  class space    used 14802K, capacity 16101K, committed 16204K, reserved 1048576K
}

